<?xml version="1.0" encoding="UTF-8"?>
<!-- Generated by org.testng.reporters.JUnitReportReporter -->
<testsuite hostname="DESKTOP-PUEBEML" failures="0" tests="1" name="com.myntraShop.testCases.TC01_HomePageToLoginPage" time="6.720" errors="0" timestamp="2022-04-27T14:01:26 IST" skipped="0">
  <testcase classname="com.myntraShop.testCases.TC01_HomePageToLoginPage" name="WelcomeToLoginPage" time="6.720"/>
  <system-out/>
</testsuite> <!-- com.myntraShop.testCases.TC01_HomePageToLoginPage -->
